<?xml version="1.0" encoding="UTF-8"?>
<testsuite xmlns:xsi="http://www.w3.org/2001/XMLSchema-instance" xsi:noNamespaceSchemaLocation="https://maven.apache.org/surefire/maven-surefire-plugin/xsd/surefire-test-report.xsd" name="formalslang.analyzer.AppTest" time="0.391" tests="1" errors="0" skipped="0" failures="0">
  <properties>
    <property name="java.specification.version" value="13"/>
    <property name="sun.cpu.isalist" value="amd64"/>
    <property name="sun.jnu.encoding" value="Cp1252"/>
    <property name="java.class.path" value="C:\Users\LL829\Desktop\LexAnalyzer-2S2023-main\LexAnalyzer-2S2023-main\analyzer\target\test-classes;C:\Users\LL829\Desktop\LexAnalyzer-2S2023-main\LexAnalyzer-2S2023-main\analyzer\target\classes;C:\Users\LL829\.m2\repository\junit\junit\4.11\junit-4.11.jar;C:\Users\LL829\.m2\repository\org\hamcrest\hamcrest-core\1.3\hamcrest-core-1.3.jar;C:\Users\LL829\.m2\repository\org\projectlombok\lombok\1.18.26\lombok-1.18.26.jar;C:\Users\LL829\.m2\repository\org\netbeans\external\AbsoluteLayout\RELEASE122\AbsoluteLayout-RELEASE122.jar;C:\Users\LL829\.m2\repository\guru\nidi\graphviz-java\0.18.1\graphviz-java-0.18.1.jar;C:\Users\LL829\.m2\repository\org\webjars\npm\viz.js-graphviz-java\2.1.3\viz.js-graphviz-java-2.1.3.jar;C:\Users\LL829\.m2\repository\guru\nidi\com\kitfox\svgSalamander\1.1.3\svgSalamander-1.1.3.jar;C:\Users\LL829\.m2\repository\net\arnx\nashorn-promise\0.1.1\nashorn-promise-0.1.1.jar;C:\Users\LL829\.m2\repository\org\apache\commons\commons-exec\1.3\commons-exec-1.3.jar;C:\Users\LL829\.m2\repository\com\google\code\findbugs\jsr305\3.0.2\jsr305-3.0.2.jar;C:\Users\LL829\.m2\repository\org\slf4j\jcl-over-slf4j\1.7.30\jcl-over-slf4j-1.7.30.jar;C:\Users\LL829\.m2\repository\org\slf4j\jul-to-slf4j\1.7.30\jul-to-slf4j-1.7.30.jar;C:\Users\LL829\.m2\repository\guru\nidi\com\eclipsesource\j2v8\j2v8_win32_x86_64\4.6.0\j2v8_win32_x86_64-4.6.0.jar;C:\Users\LL829\.m2\repository\org\slf4j\slf4j-api\1.7.30\slf4j-api-1.7.30.jar;"/>
    <property name="java.vm.vendor" value="Oracle Corporation"/>
    <property name="sun.arch.data.model" value="64"/>
    <property name="user.variant" value=""/>
    <property name="java.vendor.url" value="https://java.oracle.com/"/>
    <property name="user.timezone" value="America/Guatemala"/>
    <property name="os.name" value="Windows 10"/>
    <property name="java.vm.specification.version" value="13"/>
    <property name="user.country" value="ES"/>
    <property name="sun.java.launcher" value="SUN_STANDARD"/>
    <property name="sun.boot.library.path" value="C:\Java\jdk-13.0.2\bin"/>
    <property name="sun.java.command" value="C:\Users\LL829\AppData\Local\Temp\surefire7418134694350147430\surefirebooter3515023100446036598.jar C:\Users\LL829\AppData\Local\Temp\surefire7418134694350147430 2024-08-31T18-12-45_851-jvmRun1 surefire11499052840988947145tmp surefire_03392267541903939684tmp"/>
    <property name="jdk.debug" value="release"/>
    <property name="surefire.test.class.path" value="C:\Users\LL829\Desktop\LexAnalyzer-2S2023-main\LexAnalyzer-2S2023-main\analyzer\target\test-classes;C:\Users\LL829\Desktop\LexAnalyzer-2S2023-main\LexAnalyzer-2S2023-main\analyzer\target\classes;C:\Users\LL829\.m2\repository\junit\junit\4.11\junit-4.11.jar;C:\Users\LL829\.m2\repository\org\hamcrest\hamcrest-core\1.3\hamcrest-core-1.3.jar;C:\Users\LL829\.m2\repository\org\projectlombok\lombok\1.18.26\lombok-1.18.26.jar;C:\Users\LL829\.m2\repository\org\netbeans\external\AbsoluteLayout\RELEASE122\AbsoluteLayout-RELEASE122.jar;C:\Users\LL829\.m2\repository\guru\nidi\graphviz-java\0.18.1\graphviz-java-0.18.1.jar;C:\Users\LL829\.m2\repository\org\webjars\npm\viz.js-graphviz-java\2.1.3\viz.js-graphviz-java-2.1.3.jar;C:\Users\LL829\.m2\repository\guru\nidi\com\kitfox\svgSalamander\1.1.3\svgSalamander-1.1.3.jar;C:\Users\LL829\.m2\repository\net\arnx\nashorn-promise\0.1.1\nashorn-promise-0.1.1.jar;C:\Users\LL829\.m2\repository\org\apache\commons\commons-exec\1.3\commons-exec-1.3.jar;C:\Users\LL829\.m2\repository\com\google\code\findbugs\jsr305\3.0.2\jsr305-3.0.2.jar;C:\Users\LL829\.m2\repository\org\slf4j\jcl-over-slf4j\1.7.30\jcl-over-slf4j-1.7.30.jar;C:\Users\LL829\.m2\repository\org\slf4j\jul-to-slf4j\1.7.30\jul-to-slf4j-1.7.30.jar;C:\Users\LL829\.m2\repository\guru\nidi\com\eclipsesource\j2v8\j2v8_win32_x86_64\4.6.0\j2v8_win32_x86_64-4.6.0.jar;C:\Users\LL829\.m2\repository\org\slf4j\slf4j-api\1.7.30\slf4j-api-1.7.30.jar;"/>
    <property name="sun.cpu.endian" value="little"/>
    <property name="user.home" value="C:\Users\LL829"/>
    <property name="user.language" value="es"/>
    <property name="java.specification.vendor" value="Oracle Corporation"/>
    <property name="java.version.date" value="2020-01-14"/>
    <property name="java.home" value="C:\Java\jdk-13.0.2"/>
    <property name="file.separator" value="\"/>
    <property name="basedir" value="C:\Users\LL829\Desktop\LexAnalyzer-2S2023-main\LexAnalyzer-2S2023-main\analyzer"/>
    <property name="java.vm.compressedOopsMode" value="32-bit"/>
    <property name="line.separator" value="&#10;"/>
    <property name="java.vm.specification.vendor" value="Oracle Corporation"/>
    <property name="java.specification.name" value="Java Platform API Specification"/>
    <property name="surefire.real.class.path" value="C:\Users\LL829\AppData\Local\Temp\surefire7418134694350147430\surefirebooter3515023100446036598.jar"/>
    <property name="user.script" value=""/>
    <property name="sun.management.compiler" value="HotSpot 64-Bit Tiered Compilers"/>
    <property name="java.runtime.version" value="13.0.2+8"/>
    <property name="user.name" value="LL829"/>
    <property name="path.separator" value=";"/>
    <property name="os.version" value="10.0"/>
    <property name="java.runtime.name" value="OpenJDK Runtime Environment"/>
    <property name="file.encoding" value="UTF-8"/>
    <property name="java.vm.name" value="OpenJDK 64-Bit Server VM"/>
    <property name="maven.ext.class.path" value="C:\Program Files\NetBeans-12.4\netbeans\java\maven-nblib\netbeans-eventspy.jar"/>
    <property name="localRepository" value="C:\Users\LL829\.m2\repository"/>
    <property name="java.vendor.url.bug" value="https://bugreport.java.com/bugreport/"/>
    <property name="java.io.tmpdir" value="C:\Users\LL829\AppData\Local\Temp\"/>
    <property name="java.version" value="13.0.2"/>
    <property name="user.dir" value="C:\Users\LL829\Desktop\LexAnalyzer-2S2023-main\LexAnalyzer-2S2023-main\analyzer"/>
    <property name="os.arch" value="amd64"/>
    <property name="java.vm.specification.name" value="Java Virtual Machine Specification"/>
    <property name="sun.os.patch.level" value=""/>
    <property name="java.library.path" value="C:\Java\jdk-13.0.2\bin;C:\Windows\Sun\Java\bin;C:\Windows\system32;C:\Windows;C:\ant\bin;C:\Java\jdk-13.0.2\bin;C:\Program Files\Java\jdk-13.0.2\bin;C:\Program Files (x86)\Common Files\Oracle\Java\javapath;C:\Windows\system32;C:\Windows;C:\Windows\System32\Wbem;C:\Windows\System32\WindowsPowerShell\v1.0\;C:\Windows\System32\OpenSSH\;%JAVA_HOME%\bin;C:\Program Files\Java\jdk1.8.0_291\bin;C:\Users\LL829\AppData\Roaming\nvm;C:\Program Files\nodejs;C:\Program Files\Git\cmd;C:\Program Files\Graphviz\bin;C:\Users\LL829\AppData\Roaming\npm;C:\Users\LL829\AppData\Local\Programs\Microsoft VS Code\bin;C:\Users\LL829\AppData\Roaming\nvm;C:\Program Files\nodejs;C:\xampp\mysql\bin;;."/>
    <property name="java.vm.info" value="mixed mode, sharing"/>
    <property name="java.vendor" value="Oracle Corporation"/>
    <property name="java.vm.version" value="13.0.2+8"/>
    <property name="sun.io.unicode.encoding" value="UnicodeLittle"/>
    <property name="java.class.version" value="57.0"/>
  </properties>
  <testcase name="shouldAnswerWithTrue" classname="formalslang.analyzer.AppTest" time="0.016"/>
</testsuite>